<?xml version="1.0" encoding="UTF-8"?>
<testsuite name="com.tothenew.ecommerceapp.EcommerceAppApplicationTests" tests="4" skipped="0" failures="0" errors="0" timestamp="2020-04-14T09:19:16" hostname="utkarsh" time="1.145">
  <properties/>
  <testcase name="testJsonMetadataInProductVariation()" classname="com.tothenew.ecommerceapp.EcommerceAppApplicationTests" time="0.286"/>
  <testcase name="createBuyerUser()" classname="com.tothenew.ecommerceapp.EcommerceAppApplicationTests" time="0.41"/>
  <testcase name="createAdminUser()" classname="com.tothenew.ecommerceapp.EcommerceAppApplicationTests" time="0.232"/>
  <testcase name="createSellerUser()" classname="com.tothenew.ecommerceapp.EcommerceAppApplicationTests" time="0.209"/>
  <system-out><![CDATA[14:49:07.059 [Test worker] DEBUG org.springframework.test.context.BootstrapUtils - Instantiating CacheAwareContextLoaderDelegate from class [org.springframework.test.context.cache.DefaultCacheAwareContextLoaderDelegate]
14:49:07.078 [Test worker] DEBUG org.springframework.test.context.BootstrapUtils - Instantiating BootstrapContext using constructor [public org.springframework.test.context.support.DefaultBootstrapContext(java.lang.Class,org.springframework.test.context.CacheAwareContextLoaderDelegate)]
14:49:07.116 [Test worker] DEBUG org.springframework.test.context.BootstrapUtils - Instantiating TestContextBootstrapper for test class [com.tothenew.ecommerceapp.EcommerceAppApplicationTests] from class [org.springframework.boot.test.context.SpringBootTestContextBootstrapper]
14:49:07.135 [Test worker] INFO org.springframework.boot.test.context.SpringBootTestContextBootstrapper - Neither @ContextConfiguration nor @ContextHierarchy found for test class [com.tothenew.ecommerceapp.EcommerceAppApplicationTests], using SpringBootContextLoader
14:49:07.140 [Test worker] DEBUG org.springframework.test.context.support.AbstractContextLoader - Did not detect default resource location for test class [com.tothenew.ecommerceapp.EcommerceAppApplicationTests]: class path resource [com/tothenew/ecommerceapp/EcommerceAppApplicationTests-context.xml] does not exist
14:49:07.141 [Test worker] DEBUG org.springframework.test.context.support.AbstractContextLoader - Did not detect default resource location for test class [com.tothenew.ecommerceapp.EcommerceAppApplicationTests]: class path resource [com/tothenew/ecommerceapp/EcommerceAppApplicationTestsContext.groovy] does not exist
14:49:07.141 [Test worker] INFO org.springframework.test.context.support.AbstractContextLoader - Could not detect default resource locations for test class [com.tothenew.ecommerceapp.EcommerceAppApplicationTests]: no resource found for suffixes {-context.xml, Context.groovy}.
14:49:07.142 [Test worker] INFO org.springframework.test.context.support.AnnotationConfigContextLoaderUtils - Could not detect default configuration classes for test class [com.tothenew.ecommerceapp.EcommerceAppApplicationTests]: EcommerceAppApplicationTests does not declare any static, non-private, non-final, nested classes annotated with @Configuration.
14:49:07.181 [Test worker] DEBUG org.springframework.test.context.support.ActiveProfilesUtils - Could not find an 'annotation declaring class' for annotation type [org.springframework.test.context.ActiveProfiles] and class [com.tothenew.ecommerceapp.EcommerceAppApplicationTests]
14:49:07.258 [Test worker] DEBUG org.springframework.context.annotation.ClassPathScanningCandidateComponentProvider - Identified candidate component class: file [/home/utkarsh/bootcamp/ecommerce/build/classes/java/main/com/tothenew/ecommerceapp/EcommerceAppApplication.class]
14:49:07.261 [Test worker] INFO org.springframework.boot.test.context.SpringBootTestContextBootstrapper - Found @SpringBootConfiguration com.tothenew.ecommerceapp.EcommerceAppApplication for test class com.tothenew.ecommerceapp.EcommerceAppApplicationTests
14:49:07.375 [Test worker] DEBUG org.springframework.boot.test.context.SpringBootTestContextBootstrapper - @TestExecutionListeners is not present for class [com.tothenew.ecommerceapp.EcommerceAppApplicationTests]: using defaults.
14:49:07.375 [Test worker] INFO org.springframework.boot.test.context.SpringBootTestContextBootstrapper - Loaded default TestExecutionListener class names from location [META-INF/spring.factories]: [org.springframework.boot.test.autoconfigure.restdocs.RestDocsTestExecutionListener, org.springframework.boot.test.autoconfigure.web.client.MockRestServiceServerResetTestExecutionListener, org.springframework.boot.test.autoconfigure.web.servlet.MockMvcPrintOnlyOnFailureTestExecutionListener, org.springframework.boot.test.autoconfigure.web.servlet.WebDriverTestExecutionListener, org.springframework.boot.test.mock.mockito.MockitoTestExecutionListener, org.springframework.boot.test.mock.mockito.ResetMocksTestExecutionListener, org.springframework.test.context.web.ServletTestExecutionListener, org.springframework.test.context.support.DirtiesContextBeforeModesTestExecutionListener, org.springframework.test.context.support.DependencyInjectionTestExecutionListener, org.springframework.test.context.support.DirtiesContextTestExecutionListener, org.springframework.test.context.transaction.TransactionalTestExecutionListener, org.springframework.test.context.jdbc.SqlScriptsTestExecutionListener, org.springframework.test.context.event.EventPublishingTestExecutionListener]
14:49:07.399 [Test worker] INFO org.springframework.boot.test.context.SpringBootTestContextBootstrapper - Using TestExecutionListeners: [org.springframework.test.context.web.ServletTestExecutionListener@2c6e5c96, org.springframework.test.context.support.DirtiesContextBeforeModesTestExecutionListener@340ca35a, org.springframework.boot.test.mock.mockito.MockitoTestExecutionListener@25684392, org.springframework.boot.test.autoconfigure.SpringBootDependencyInjectionTestExecutionListener@29a482fa, org.springframework.test.context.support.DirtiesContextTestExecutionListener@7770e1b4, org.springframework.test.context.transaction.TransactionalTestExecutionListener@26b78a73, org.springframework.test.context.jdbc.SqlScriptsTestExecutionListener@412439e4, org.springframework.test.context.event.EventPublishingTestExecutionListener@4c9ad068, org.springframework.boot.test.autoconfigure.restdocs.RestDocsTestExecutionListener@3c17e50e, org.springframework.boot.test.autoconfigure.web.client.MockRestServiceServerResetTestExecutionListener@26e904ed, org.springframework.boot.test.autoconfigure.web.servlet.MockMvcPrintOnlyOnFailureTestExecutionListener@4662e2cd, org.springframework.boot.test.autoconfigure.web.servlet.WebDriverTestExecutionListener@5ce173f9, org.springframework.boot.test.mock.mockito.ResetMocksTestExecutionListener@5fddd2fe]
14:49:07.403 [Test worker] DEBUG org.springframework.test.context.support.AbstractDirtiesContextTestExecutionListener - Before test class: context [DefaultTestContext@3b982c4f testClass = EcommerceAppApplicationTests, testInstance = [null], testMethod = [null], testException = [null], mergedContextConfiguration = [WebMergedContextConfiguration@42b6cc77 testClass = EcommerceAppApplicationTests, locations = '{}', classes = '{class com.tothenew.ecommerceapp.EcommerceAppApplication}', contextInitializerClasses = '[]', activeProfiles = '{}', propertySourceLocations = '{}', propertySourceProperties = '{org.springframework.boot.test.context.SpringBootTestContextBootstrapper=true}', contextCustomizers = set[org.springframework.boot.test.autoconfigure.properties.PropertyMappingContextCustomizer@0, org.springframework.boot.test.autoconfigure.web.servlet.WebDriverContextCustomizerFactory$Customizer@149cce9c, org.springframework.boot.test.context.filter.ExcludeFilterContextCustomizer@7d047230, org.springframework.boot.test.json.DuplicateJsonObjectContextCustomizerFactory$DuplicateJsonObjectContextCustomizer@7b6d957d, org.springframework.boot.test.mock.mockito.MockitoContextCustomizer@0, org.springframework.boot.test.web.client.TestRestTemplateContextCustomizer@585c1511], resourceBasePath = 'src/main/webapp', contextLoader = 'org.springframework.boot.test.context.SpringBootContextLoader', parent = [null]], attributes = map['org.springframework.test.context.web.ServletTestExecutionListener.activateListener' -> true]], class annotated with @DirtiesContext [false] with mode [null].
14:49:07.435 [Test worker] DEBUG org.springframework.test.context.support.TestPropertySourceUtils - Adding inlined properties to environment: {spring.jmx.enabled=false, org.springframework.boot.test.context.SpringBootTestContextBootstrapper=true, server.port=-1}

  .   ____          _            __ _ _
 /\\ / ___'_ __ _ _(_)_ __  __ _ \ \ \ \
( ( )\___ | '_ | '_| | '_ \/ _` | \ \ \ \
 \\/  ___)| |_)| | | | | || (_| |  ) ) ) )
  '  |____| .__|_| |_|_| |_\__, | / / / /
 =========|_|==============|___/=/_/_/_/
 :: Spring Boot ::        (v2.2.5.RELEASE)

2020-04-14 14:49:07.817  INFO 21436 --- [    Test worker] c.t.e.EcommerceAppApplicationTests       : Starting EcommerceAppApplicationTests on utkarsh with PID 21436 (started by utkarsh in /home/utkarsh/bootcamp/ecommerce)
2020-04-14 14:49:07.819  INFO 21436 --- [    Test worker] c.t.e.EcommerceAppApplicationTests       : No active profile set, falling back to default profiles: default
2020-04-14 14:49:09.076  INFO 21436 --- [    Test worker] .s.d.r.c.RepositoryConfigurationDelegate : Bootstrapping Spring Data JPA repositories in DEFAULT mode.
2020-04-14 14:49:09.211  INFO 21436 --- [    Test worker] .s.d.r.c.RepositoryConfigurationDelegate : Finished Spring Data repository scanning in 123ms. Found 12 JPA repository interfaces.
2020-04-14 14:49:09.933  INFO 21436 --- [    Test worker] trationDelegate$BeanPostProcessorChecker : Bean 'org.springframework.security.config.annotation.configuration.ObjectPostProcessorConfiguration' of type [org.springframework.security.config.annotation.configuration.ObjectPostProcessorConfiguration] is not eligible for getting processed by all BeanPostProcessors (for example: not eligible for auto-proxying)
2020-04-14 14:49:09.947  INFO 21436 --- [    Test worker] trationDelegate$BeanPostProcessorChecker : Bean 'objectPostProcessor' of type [org.springframework.security.config.annotation.configuration.AutowireBeanFactoryObjectPostProcessor] is not eligible for getting processed by all BeanPostProcessors (for example: not eligible for auto-proxying)
2020-04-14 14:49:09.950  INFO 21436 --- [    Test worker] trationDelegate$BeanPostProcessorChecker : Bean 'org.springframework.security.access.expression.method.DefaultMethodSecurityExpressionHandler@1c1f245f' of type [org.springframework.security.oauth2.provider.expression.OAuth2MethodSecurityExpressionHandler] is not eligible for getting processed by all BeanPostProcessors (for example: not eligible for auto-proxying)
2020-04-14 14:49:09.963  INFO 21436 --- [    Test worker] trationDelegate$BeanPostProcessorChecker : Bean 'org.springframework.security.config.annotation.method.configuration.GlobalMethodSecurityConfiguration' of type [org.springframework.security.config.annotation.method.configuration.GlobalMethodSecurityConfiguration] is not eligible for getting processed by all BeanPostProcessors (for example: not eligible for auto-proxying)
2020-04-14 14:49:09.972  INFO 21436 --- [    Test worker] trationDelegate$BeanPostProcessorChecker : Bean 'methodSecurityMetadataSource' of type [org.springframework.security.access.method.DelegatingMethodSecurityMetadataSource] is not eligible for getting processed by all BeanPostProcessors (for example: not eligible for auto-proxying)
2020-04-14 14:49:10.265  INFO 21436 --- [    Test worker] o.hibernate.jpa.internal.util.LogHelper  : HHH000204: Processing PersistenceUnitInfo [name: default]
2020-04-14 14:49:10.326  INFO 21436 --- [    Test worker] org.hibernate.Version                    : HHH000412: Hibernate ORM core version 5.4.12.Final
2020-04-14 14:49:10.477  INFO 21436 --- [    Test worker] o.hibernate.annotations.common.Version   : HCANN000001: Hibernate Commons Annotations {5.1.0.Final}
2020-04-14 14:49:10.606  INFO 21436 --- [    Test worker] com.zaxxer.hikari.HikariDataSource       : HikariPool-1 - Starting...
2020-04-14 14:49:10.878  INFO 21436 --- [    Test worker] com.zaxxer.hikari.HikariDataSource       : HikariPool-1 - Start completed.
2020-04-14 14:49:10.911  INFO 21436 --- [    Test worker] org.hibernate.dialect.Dialect            : HHH000400: Using dialect: org.hibernate.dialect.MySQL57Dialect
2020-04-14 14:49:12.776  INFO 21436 --- [    Test worker] o.h.e.t.j.p.i.JtaPlatformInitiator       : HHH000490: Using JtaPlatform implementation: [org.hibernate.engine.transaction.jta.platform.internal.NoJtaPlatform]
2020-04-14 14:49:12.785  INFO 21436 --- [    Test worker] j.LocalContainerEntityManagerFactoryBean : Initialized JPA EntityManagerFactory for persistence unit 'default'
2020-04-14 14:49:13.930  WARN 21436 --- [    Test worker] JpaBaseConfiguration$JpaWebConfiguration : spring.jpa.open-in-view is enabled by default. Therefore, database queries may be performed during view rendering. Explicitly configure spring.jpa.open-in-view to disable this warning
2020-04-14 14:49:14.960  INFO 21436 --- [    Test worker] o.s.s.web.DefaultSecurityFilterChain     : Creating filter chain: OrRequestMatcher [requestMatchers=[Ant [pattern='/oauth/token'], Ant [pattern='/oauth/token_key'], Ant [pattern='/oauth/check_token']]], [org.springframework.security.web.context.request.async.WebAsyncManagerIntegrationFilter@4f2e3c92, org.springframework.security.web.context.SecurityContextPersistenceFilter@7c80c995, org.springframework.security.web.header.HeaderWriterFilter@79369ec1, org.springframework.security.web.authentication.logout.LogoutFilter@6ea0af5, org.springframework.security.oauth2.provider.client.ClientCredentialsTokenEndpointFilter@521a8c9e, org.springframework.security.web.authentication.www.BasicAuthenticationFilter@3a8e3ed0, org.springframework.security.web.savedrequest.RequestCacheAwareFilter@50d6369c, org.springframework.security.web.servletapi.SecurityContextHolderAwareRequestFilter@3003a4d6, org.springframework.security.web.authentication.AnonymousAuthenticationFilter@52a70048, org.springframework.security.web.session.SessionManagementFilter@41e66d24, org.springframework.security.web.access.ExceptionTranslationFilter@65d77ea0, org.springframework.security.web.access.intercept.FilterSecurityInterceptor@11f6fbe0]
2020-04-14 14:49:14.987  INFO 21436 --- [    Test worker] o.s.s.web.DefaultSecurityFilterChain     : Creating filter chain: org.springframework.security.oauth2.config.annotation.web.configuration.ResourceServerConfiguration$NotOAuthRequestMatcher@17d37157, [org.springframework.security.web.context.request.async.WebAsyncManagerIntegrationFilter@e998a2, org.springframework.security.web.context.SecurityContextPersistenceFilter@4c4ea0b1, org.springframework.security.web.header.HeaderWriterFilter@16eebcfe, org.springframework.security.web.authentication.logout.LogoutFilter@5e862072, org.springframework.security.oauth2.provider.authentication.OAuth2AuthenticationProcessingFilter@2571a2ac, org.springframework.security.web.savedrequest.RequestCacheAwareFilter@7bdf2229, org.springframework.security.web.servletapi.SecurityContextHolderAwareRequestFilter@183578e0, org.springframework.security.web.authentication.AnonymousAuthenticationFilter@5b25fcf3, org.springframework.security.web.session.SessionManagementFilter@35a952e9, org.springframework.security.web.access.ExceptionTranslationFilter@6d4b4dbc, org.springframework.security.web.access.intercept.FilterSecurityInterceptor@71568747]
2020-04-14 14:49:15.033  INFO 21436 --- [    Test worker] o.s.s.web.DefaultSecurityFilterChain     : Creating filter chain: any request, [org.springframework.security.web.context.request.async.WebAsyncManagerIntegrationFilter@3238c4d3, org.springframework.security.web.context.SecurityContextPersistenceFilter@3bffc53d, org.springframework.security.web.header.HeaderWriterFilter@1fa32e4c, org.springframework.security.web.csrf.CsrfFilter@4c76a3dc, org.springframework.security.web.authentication.logout.LogoutFilter@20b35ee0, org.springframework.security.web.authentication.UsernamePasswordAuthenticationFilter@70cd2dcb, org.springframework.security.web.authentication.ui.DefaultLoginPageGeneratingFilter@5648fc7f, org.springframework.security.web.authentication.ui.DefaultLogoutPageGeneratingFilter@2f783bbc, org.springframework.security.web.authentication.www.BasicAuthenticationFilter@63a336c0, org.springframework.security.web.savedrequest.RequestCacheAwareFilter@4d7399e6, org.springframework.security.web.servletapi.SecurityContextHolderAwareRequestFilter@4ba41f4a, org.springframework.security.web.authentication.AnonymousAuthenticationFilter@1a2dd9e9, org.springframework.security.web.session.SessionManagementFilter@63afdbca, org.springframework.security.web.access.ExceptionTranslationFilter@66321915, org.springframework.security.web.access.intercept.FilterSecurityInterceptor@6e286cb2]
2020-04-14 14:49:15.632  INFO 21436 --- [    Test worker] o.s.s.concurrent.ThreadPoolTaskExecutor  : Initializing ExecutorService 'applicationTaskExecutor'
2020-04-14 14:49:16.007  INFO 21436 --- [    Test worker] c.t.e.EcommerceAppApplicationTests       : Started EcommerceAppApplicationTests in 8.563 seconds (JVM running for 9.944)
Hibernate: select count(*) as col_0_0_ from user user0_
Hibernate: select next_val as id_val from hibernate_sequence for update
Hibernate: update hibernate_sequence set next_val= ? where next_val=?
Hibernate: select next_val as id_val from hibernate_sequence for update
Hibernate: update hibernate_sequence set next_val= ? where next_val=?
Hibernate: select next_val as id_val from hibernate_sequence for update
Hibernate: update hibernate_sequence set next_val= ? where next_val=?
Hibernate: insert into user (created_by, date_created, email, first_name, is_active, is_deleted, is_locked, is_password_expired, last_name, last_updated, middle_name, password, updated_by, id) values (?, ?, ?, ?, ?, ?, ?, ?, ?, ?, ?, ?, ?, ?)
Hibernate: insert into admin (user_id) values (?)
Hibernate: insert into role (authority, id) values (?, ?)
Hibernate: insert into role (authority, id) values (?, ?)
Hibernate: insert into user_role (user_id, role_id) values (?, ?)
Hibernate: insert into user_role (user_id, role_id) values (?, ?)
Hibernate: select count(*) as col_0_0_ from user user0_
Total users saved::1
Hibernate: select next_val as id_val from hibernate_sequence for update
Hibernate: update hibernate_sequence set next_val= ? where next_val=?
Hibernate: insert into product_variation (is_active, metadata, price, primary_image_name, product_id, quantity_available, id) values (?, ?, ?, ?, ?, ?, ?)
Hibernate: select next_val as id_val from hibernate_sequence for update
Hibernate: update hibernate_sequence set next_val= ? where next_val=?
Hibernate: select next_val as id_val from hibernate_sequence for update
Hibernate: update hibernate_sequence set next_val= ? where next_val=?
Hibernate: select next_val as id_val from hibernate_sequence for update
Hibernate: update hibernate_sequence set next_val= ? where next_val=?
Hibernate: select next_val as id_val from hibernate_sequence for update
Hibernate: update hibernate_sequence set next_val= ? where next_val=?
Hibernate: insert into user (created_by, date_created, email, first_name, is_active, is_deleted, is_locked, is_password_expired, last_name, last_updated, middle_name, password, updated_by, id) values (?, ?, ?, ?, ?, ?, ?, ?, ?, ?, ?, ?, ?, ?)
Hibernate: insert into customer (contact, user_id) values (?, ?)
Hibernate: insert into address (address, city, country, label, state, user_id, zip_code, id) values (?, ?, ?, ?, ?, ?, ?, ?)
Hibernate: insert into address (address, city, country, label, state, user_id, zip_code, id) values (?, ?, ?, ?, ?, ?, ?, ?)
Hibernate: insert into role (authority, id) values (?, ?)
Hibernate: insert into user_role (user_id, role_id) values (?, ?)
Hibernate: select next_val as id_val from hibernate_sequence for update
Hibernate: update hibernate_sequence set next_val= ? where next_val=?
Hibernate: select next_val as id_val from hibernate_sequence for update
Hibernate: update hibernate_sequence set next_val= ? where next_val=?
Hibernate: insert into user (created_by, date_created, email, first_name, is_active, is_deleted, is_locked, is_password_expired, last_name, last_updated, middle_name, password, updated_by, id) values (?, ?, ?, ?, ?, ?, ?, ?, ?, ?, ?, ?, ?, ?)
Hibernate: insert into admin (user_id) values (?)
Hibernate: insert into role (authority, id) values (?, ?)
Hibernate: insert into user_role (user_id, role_id) values (?, ?)
Hibernate: select next_val as id_val from hibernate_sequence for update
Hibernate: update hibernate_sequence set next_val= ? where next_val=?
Hibernate: select next_val as id_val from hibernate_sequence for update
Hibernate: update hibernate_sequence set next_val= ? where next_val=?
Hibernate: select next_val as id_val from hibernate_sequence for update
Hibernate: update hibernate_sequence set next_val= ? where next_val=?
Hibernate: insert into user (created_by, date_created, email, first_name, is_active, is_deleted, is_locked, is_password_expired, last_name, last_updated, middle_name, password, updated_by, id) values (?, ?, ?, ?, ?, ?, ?, ?, ?, ?, ?, ?, ?, ?)
Hibernate: insert into seller (company_contact, company_name, gst, user_id) values (?, ?, ?, ?)
Hibernate: insert into role (authority, id) values (?, ?)
Hibernate: insert into role (authority, id) values (?, ?)
Hibernate: insert into user_role (user_id, role_id) values (?, ?)
Hibernate: insert into user_role (user_id, role_id) values (?, ?)
]]></system-out>
  <system-err><![CDATA[]]></system-err>
</testsuite>
